<?xml version="1.0" encoding="UTF-8"?>
<testsuite name="store.reduct.connector.ReductSinkTaskTest" tests="5" skipped="0" failures="0" errors="0" timestamp="2026-07-06T09:40:00" hostname="UFA-NN-23-128" time="1.651">
  <properties/>
  <testcase name="put_producesRecordWithTimestampFromKafka()" classname="store.reduct.connector.ReductSinkTaskTest" time="1.621"/>
  <testcase name="put_writesRecordsToEntryNamedByTopic()" classname="store.reduct.connector.ReductSinkTaskTest" time="0.006"/>
  <testcase name="put_handlesNullValue()" classname="store.reduct.connector.ReductSinkTaskTest" time="0.004"/>
  <testcase name="version()" classname="store.reduct.connector.ReductSinkTaskTest" time="0.003"/>
  <testcase name="put_writesRecordsToConfiguredEntryName()" classname="store.reduct.connector.ReductSinkTaskTest" time="0.008"/>
  <system-out><![CDATA[]]></system-out>
  <system-err><![CDATA[]]></system-err>
</testsuite>
