<?xml version="1.0" encoding="UTF-8"?>
<testsuite name="store.reduct.connector.ReductSourceTaskTest" tests="4" skipped="0" failures="0" errors="0" timestamp="2026-07-06T09:40:02" hostname="UFA-NN-23-128" time="0.19">
  <properties/>
  <testcase name="poll_returnsRecordsFromSingleEntry()" classname="store.reduct.connector.ReductSourceTaskTest" time="0.174"/>
  <testcase name="version()" classname="store.reduct.connector.ReductSourceTaskTest" time="0.002"/>
  <testcase name="poll_returnsNullWhenNoRecords()" classname="store.reduct.connector.ReductSourceTaskTest" time="0.004"/>
  <testcase name="poll_resumesFromLastOffset()" classname="store.reduct.connector.ReductSourceTaskTest" time="0.008"/>
  <system-out><![CDATA[]]></system-out>
  <system-err><![CDATA[]]></system-err>
</testsuite>
