<?xml version="1.0" encoding="UTF-8"?>
<testsuite xmlns:xsi="http://www.w3.org/2001/XMLSchema-instance" xsi:noNamespaceSchemaLocation="https://maven.apache.org/surefire/maven-surefire-plugin/xsd/surefire-test-report-3.0.xsd" version="3.0" name="store.reduct.connector.ReductSourceTaskTest" time="0.27" tests="4" errors="0" skipped="0" failures="0">
  <properties>
[...]
</properties>
  <testcase name="poll_returnsRecordsFromSingleEntry" classname="store.reduct.connector.ReductSourceTaskTest" time="0.231"/>
  <testcase name="version" classname="store.reduct.connector.ReductSourceTaskTest" time="0.004"/>
  <testcase name="poll_returnsNullWhenNoRecords" classname="store.reduct.connector.ReductSourceTaskTest" time="0.005"/>
  <testcase name="poll_resumesFromLastOffset" classname="store.reduct.connector.ReductSourceTaskTest" time="0.023"/>
</testsuite>